[ 2020-01-04T20:45:42+08:00 ][ info ] [ BEHAVIOR ] Run Closure @app_init [ RunTime:0.000000s ]
[ info ] [ LOG ] INIT File
[ 2020-01-04T20:45:42+08:00 ][ info ] [ CACHE ] INIT File
[ 2020-01-04T20:45:42+08:00 ][ info ] [ BEHAVIOR ] Run Closure @app_init [ RunTime:0.002000s ]
[ 2020-01-04T20:45:42+08:00 ][ info ] [ DB ] INIT mysql
[ 2020-01-04T20:45:42+08:00 ][ sql ] [ DB ] CONNECT:[ UseTime:0.005000s ] mysql:host=127.0.0.1;dbname=fastadmin;charset=utf8
[ 2020-01-04T20:45:42+08:00 ][ sql ] [ SQL ] SHOW TABLE STATUS LIKE 'tsinghua_member' [ RunTime:0.003000s ]
[ 2020-01-04T20:45:42+08:00 ][ sql ] [ SQL ] SHOW TABLE STATUS LIKE 'fa_tsinghua_member' [ RunTime:0.002000s ]
[ 2020-01-04T20:45:42+08:00 ][ sql ] [ SQL ] SELECT * FROM `information_schema`.`columns` WHERE TABLE_SCHEMA = 'fastadmin' AND table_name = 'fa_tsinghua_member' ORDER BY ORDINAL_POSITION [ RunTime:0.001000s ]
[ 2020-01-04T20:45:42+08:00 ][ info ] [ BEHAVIOR ] Run Closure @app_init [ RunTime:0.000000s ]
[ info ] [ LOG ] INIT File
[ 2020-01-04T20:45:42+08:00 ][ info ] [ CACHE ] INIT File
[ 2020-01-04T20:45:42+08:00 ][ info ] [ BEHAVIOR ] Run Closure @app_init [ RunTime:0.004000s ]
[ 2020-01-04T20:45:42+08:00 ][ info ] [ DB ] INIT mysql
[ 2020-01-04T20:45:42+08:00 ][ info ] [ LANG ] C:\Users\Administrator\Desktop\website\application\admin\lang/zh-cn.php
[ 2020-01-04T20:45:42+08:00 ][ sql ] [ DB ] CONNECT:[ UseTime:0.005001s ] mysql:host=127.0.0.1;dbname=fastadmin;charset=utf8
[ 2020-01-04T20:45:42+08:00 ][ sql ] [ SQL ] SHOW COLUMNS FROM `fa_auth_rule` [ RunTime:0.001000s ]
[ 2020-01-04T20:45:42+08:00 ][ sql ] [ SQL ] SELECT * FROM `fa_auth_rule` WHERE  `name` = 'tsinghua_member' LIMIT 1 [ RunTime:0.000000s ]
[ 2020-01-04T20:45:42+08:00 ][ sql ] [ SQL ] INSERT INTO `fa_auth_rule` (`pid` , `name` , `title` , `icon` , `remark` , `ismenu` , `status` , `createtime` , `updatetime`) VALUES (0 , 'tsinghua_member' , '成员' , 'fa fa-circle-o' , '' , 1 , 'normal' , 1578141942 , 1578141942) [ RunTime:0.007000s ]
[ 2020-01-04T20:45:42+08:00 ][ sql ] [ SQL ] SELECT `id` FROM `fa_auth_rule` WHERE  `name` = 'tsinghua_member/index' LIMIT 1 [ RunTime:0.001000s ]
[ 2020-01-04T20:45:42+08:00 ][ sql ] [ SQL ] SELECT `id` FROM `fa_auth_rule` WHERE  `name` = 'tsinghua_member/add' LIMIT 1 [ RunTime:0.000000s ]
[ 2020-01-04T20:45:42+08:00 ][ sql ] [ SQL ] SELECT `id` FROM `fa_auth_rule` WHERE  `name` = 'tsinghua_member/edit' LIMIT 1 [ RunTime:0.002001s ]
[ 2020-01-04T20:45:42+08:00 ][ sql ] [ SQL ] SELECT `id` FROM `fa_auth_rule` WHERE  `name` = 'tsinghua_member/del' LIMIT 1 [ RunTime:0.002000s ]
[ 2020-01-04T20:45:42+08:00 ][ sql ] [ SQL ] SELECT `id` FROM `fa_auth_rule` WHERE  `name` = 'tsinghua_member/multi' LIMIT 1 [ RunTime:0.001000s ]
[ 2020-01-04T20:45:42+08:00 ][ sql ] [ SQL ] INSERT INTO `fa_auth_rule` (`id` , `pid` , `name` , `icon` , `title` , `ismenu` , `status` , `createtime` , `updatetime`) VALUES (NULL , 141 , 'tsinghua_member/index' , 'fa fa-circle-o' , '查看' , 0 , 'normal' , 1578141942 , 1578141942) [ RunTime:0.000000s ]
[ 2020-01-04T20:45:42+08:00 ][ sql ] [ SQL ] INSERT INTO `fa_auth_rule` (`id` , `pid` , `name` , `icon` , `title` , `ismenu` , `status` , `createtime` , `updatetime`) VALUES (NULL , 141 , 'tsinghua_member/add' , 'fa fa-circle-o' , '添加' , 0 , 'normal' , 1578141942 , 1578141942) [ RunTime:0.001000s ]
[ 2020-01-04T20:45:42+08:00 ][ sql ] [ SQL ] INSERT INTO `fa_auth_rule` (`id` , `pid` , `name` , `icon` , `title` , `ismenu` , `status` , `createtime` , `updatetime`) VALUES (NULL , 141 , 'tsinghua_member/edit' , 'fa fa-circle-o' , '编辑' , 0 , 'normal' , 1578141942 , 1578141942) [ RunTime:0.001000s ]
[ 2020-01-04T20:45:42+08:00 ][ sql ] [ SQL ] INSERT INTO `fa_auth_rule` (`id` , `pid` , `name` , `icon` , `title` , `ismenu` , `status` , `createtime` , `updatetime`) VALUES (NULL , 141 , 'tsinghua_member/del' , 'fa fa-circle-o' , '删除' , 0 , 'normal' , 1578141942 , 1578141942) [ RunTime:0.000000s ]
[ 2020-01-04T20:45:42+08:00 ][ sql ] [ SQL ] INSERT INTO `fa_auth_rule` (`id` , `pid` , `name` , `icon` , `title` , `ismenu` , `status` , `createtime` , `updatetime`) VALUES (NULL , 141 , 'tsinghua_member/multi' , 'fa fa-circle-o' , '批量更新' , 0 , 'normal' , 1578141942 , 1578141942) [ RunTime:0.000000s ]
[ 2020-01-04T20:51:11+08:00 ][ info ] [ BEHAVIOR ] Run Closure @app_init [ RunTime:0.000000s ]
[ info ] [ LOG ] INIT File
[ 2020-01-04T20:51:11+08:00 ][ info ] [ CACHE ] INIT File
[ 2020-01-04T20:51:11+08:00 ][ info ] [ BEHAVIOR ] Run Closure @app_init [ RunTime:0.002001s ]
[ 2020-01-04T20:51:11+08:00 ][ info ] [ DB ] INIT mysql
[ 2020-01-04T20:51:11+08:00 ][ sql ] [ DB ] CONNECT:[ UseTime:0.005001s ] mysql:host=127.0.0.1;dbname=fastadmin;charset=utf8
[ 2020-01-04T20:51:11+08:00 ][ sql ] [ SQL ] SHOW TABLE STATUS LIKE 'tsinghua_config' [ RunTime:0.001000s ]
[ 2020-01-04T20:51:11+08:00 ][ sql ] [ SQL ] SHOW TABLE STATUS LIKE 'fa_tsinghua_config' [ RunTime:0.002000s ]
[ 2020-01-04T20:51:11+08:00 ][ sql ] [ SQL ] SELECT * FROM `information_schema`.`columns` WHERE TABLE_SCHEMA = 'fastadmin' AND table_name = 'fa_tsinghua_config' ORDER BY ORDINAL_POSITION [ RunTime:0.001000s ]
[ 2020-01-04T20:51:11+08:00 ][ info ] [ BEHAVIOR ] Run Closure @app_init [ RunTime:0.000000s ]
[ info ] [ LOG ] INIT File
[ 2020-01-04T20:51:11+08:00 ][ info ] [ CACHE ] INIT File
[ 2020-01-04T20:51:11+08:00 ][ info ] [ BEHAVIOR ] Run Closure @app_init [ RunTime:0.003000s ]
[ 2020-01-04T20:51:11+08:00 ][ info ] [ DB ] INIT mysql
[ 2020-01-04T20:51:11+08:00 ][ info ] [ LANG ] C:\Users\Administrator\Desktop\website\application\admin\lang/zh-cn.php
[ 2020-01-04T20:51:11+08:00 ][ sql ] [ DB ] CONNECT:[ UseTime:0.004000s ] mysql:host=127.0.0.1;dbname=fastadmin;charset=utf8
[ 2020-01-04T20:51:11+08:00 ][ sql ] [ SQL ] SHOW COLUMNS FROM `fa_auth_rule` [ RunTime:0.001000s ]
[ 2020-01-04T20:51:11+08:00 ][ sql ] [ SQL ] SELECT * FROM `fa_auth_rule` WHERE  `name` = 'tsinghua_config' LIMIT 1 [ RunTime:0.000000s ]
[ 2020-01-04T20:51:11+08:00 ][ sql ] [ SQL ] INSERT INTO `fa_auth_rule` (`pid` , `name` , `title` , `icon` , `remark` , `ismenu` , `status` , `createtime` , `updatetime`) VALUES (0 , 'tsinghua_config' , '配置' , 'fa fa-circle-o' , '' , 1 , 'normal' , 1578142271 , 1578142271) [ RunTime:0.005000s ]
[ 2020-01-04T20:51:11+08:00 ][ sql ] [ SQL ] SELECT `id` FROM `fa_auth_rule` WHERE  `name` = 'tsinghua_config/index' LIMIT 1 [ RunTime:0.000000s ]
[ 2020-01-04T20:51:11+08:00 ][ sql ] [ SQL ] SELECT `id` FROM `fa_auth_rule` WHERE  `name` = 'tsinghua_config/add' LIMIT 1 [ RunTime:0.001000s ]
[ 2020-01-04T20:51:11+08:00 ][ sql ] [ SQL ] SELECT `id` FROM `fa_auth_rule` WHERE  `name` = 'tsinghua_config/edit' LIMIT 1 [ RunTime:0.001000s ]
[ 2020-01-04T20:51:11+08:00 ][ sql ] [ SQL ] SELECT `id` FROM `fa_auth_rule` WHERE  `name` = 'tsinghua_config/del' LIMIT 1 [ RunTime:0.001000s ]
[ 2020-01-04T20:51:11+08:00 ][ sql ] [ SQL ] SELECT `id` FROM `fa_auth_rule` WHERE  `name` = 'tsinghua_config/multi' LIMIT 1 [ RunTime:0.001000s ]
[ 2020-01-04T20:51:11+08:00 ][ sql ] [ SQL ] INSERT INTO `fa_auth_rule` (`id` , `pid` , `name` , `icon` , `title` , `ismenu` , `status` , `createtime` , `updatetime`) VALUES (NULL , 147 , 'tsinghua_config/index' , 'fa fa-circle-o' , '查看' , 0 , 'normal' , 1578142271 , 1578142271) [ RunTime:0.001000s ]
[ 2020-01-04T20:51:11+08:00 ][ sql ] [ SQL ] INSERT INTO `fa_auth_rule` (`id` , `pid` , `name` , `icon` , `title` , `ismenu` , `status` , `createtime` , `updatetime`) VALUES (NULL , 147 , 'tsinghua_config/add' , 'fa fa-circle-o' , '添加' , 0 , 'normal' , 1578142271 , 1578142271) [ RunTime:0.001000s ]
[ 2020-01-04T20:51:11+08:00 ][ sql ] [ SQL ] INSERT INTO `fa_auth_rule` (`id` , `pid` , `name` , `icon` , `title` , `ismenu` , `status` , `createtime` , `updatetime`) VALUES (NULL , 147 , 'tsinghua_config/edit' , 'fa fa-circle-o' , '编辑' , 0 , 'normal' , 1578142271 , 1578142271) [ RunTime:0.000000s ]
[ 2020-01-04T20:51:11+08:00 ][ sql ] [ SQL ] INSERT INTO `fa_auth_rule` (`id` , `pid` , `name` , `icon` , `title` , `ismenu` , `status` , `createtime` , `updatetime`) VALUES (NULL , 147 , 'tsinghua_config/del' , 'fa fa-circle-o' , '删除' , 0 , 'normal' , 1578142271 , 1578142271) [ RunTime:0.001000s ]
[ 2020-01-04T20:51:11+08:00 ][ sql ] [ SQL ] INSERT INTO `fa_auth_rule` (`id` , `pid` , `name` , `icon` , `title` , `ismenu` , `status` , `createtime` , `updatetime`) VALUES (NULL , 147 , 'tsinghua_config/multi' , 'fa fa-circle-o' , '批量更新' , 0 , 'normal' , 1578142271 , 1578142271) [ RunTime:0.000000s ]
[ 2020-01-04T20:52:01+08:00 ][ info ] [ BEHAVIOR ] Run Closure @app_init [ RunTime:0.000000s ]
[ info ] [ LOG ] INIT File
[ 2020-01-04T20:52:01+08:00 ][ info ] [ CACHE ] INIT File
[ 2020-01-04T20:52:01+08:00 ][ info ] [ BEHAVIOR ] Run Closure @app_init [ RunTime:0.002000s ]
[ 2020-01-04T20:52:01+08:00 ][ info ] [ DB ] INIT mysql
[ 2020-01-04T20:52:01+08:00 ][ sql ] [ DB ] CONNECT:[ UseTime:0.004001s ] mysql:host=127.0.0.1;dbname=fastadmin;charset=utf8
[ 2020-01-04T20:52:01+08:00 ][ sql ] [ SQL ] SHOW TABLE STATUS LIKE 'tsinghua_config' [ RunTime:0.002000s ]
[ 2020-01-04T20:52:01+08:00 ][ sql ] [ SQL ] SHOW TABLE STATUS LIKE 'fa_tsinghua_config' [ RunTime:0.001000s ]
[ 2020-01-04T20:53:07+08:00 ][ info ] [ BEHAVIOR ] Run Closure @app_init [ RunTime:0.001000s ]
[ info ] [ LOG ] INIT File
[ 2020-01-04T20:53:07+08:00 ][ info ] [ CACHE ] INIT File
[ 2020-01-04T20:53:07+08:00 ][ info ] [ BEHAVIOR ] Run Closure @app_init [ RunTime:0.003000s ]
[ 2020-01-04T20:53:07+08:00 ][ info ] [ DB ] INIT mysql
[ 2020-01-04T20:53:07+08:00 ][ sql ] [ DB ] CONNECT:[ UseTime:0.004000s ] mysql:host=127.0.0.1;dbname=fastadmin;charset=utf8
[ 2020-01-04T20:53:07+08:00 ][ sql ] [ SQL ] SHOW TABLE STATUS LIKE 'tsinghua_config' [ RunTime:0.002000s ]
[ 2020-01-04T20:53:07+08:00 ][ sql ] [ SQL ] SHOW TABLE STATUS LIKE 'fa_tsinghua_config' [ RunTime:0.001000s ]
[ 2020-01-04T20:53:07+08:00 ][ sql ] [ SQL ] SELECT * FROM `information_schema`.`columns` WHERE TABLE_SCHEMA = 'fastadmin' AND table_name = 'fa_tsinghua_config' ORDER BY ORDINAL_POSITION [ RunTime:0.000000s ]
[ 2020-01-04T20:53:08+08:00 ][ info ] [ BEHAVIOR ] Run Closure @app_init [ RunTime:0.000000s ]
[ info ] [ LOG ] INIT File
[ 2020-01-04T20:53:08+08:00 ][ info ] [ CACHE ] INIT File
[ 2020-01-04T20:53:08+08:00 ][ info ] [ BEHAVIOR ] Run Closure @app_init [ RunTime:0.005001s ]
[ 2020-01-04T20:53:08+08:00 ][ info ] [ DB ] INIT mysql
[ 2020-01-04T20:53:08+08:00 ][ info ] [ LANG ] C:\Users\Administrator\Desktop\website\application\admin\lang/zh-cn.php
[ 2020-01-04T20:53:08+08:00 ][ sql ] [ DB ] CONNECT:[ UseTime:0.006000s ] mysql:host=127.0.0.1;dbname=fastadmin;charset=utf8
[ 2020-01-04T20:53:08+08:00 ][ sql ] [ SQL ] SHOW COLUMNS FROM `fa_auth_rule` [ RunTime:0.002000s ]
[ 2020-01-04T20:53:08+08:00 ][ sql ] [ SQL ] SELECT * FROM `fa_auth_rule` WHERE  `name` = 'tsinghua_config' LIMIT 1 [ RunTime:0.002000s ]
[ 2020-01-04T20:53:08+08:00 ][ sql ] [ SQL ] SELECT `id` FROM `fa_auth_rule` WHERE  `name` = 'tsinghua_config/index' LIMIT 1 [ RunTime:0.001000s ]
[ 2020-01-04T20:53:08+08:00 ][ sql ] [ SQL ] SELECT `id` FROM `fa_auth_rule` WHERE  `name` = 'tsinghua_config/add' LIMIT 1 [ RunTime:0.001001s ]
[ 2020-01-04T20:53:08+08:00 ][ sql ] [ SQL ] SELECT `id` FROM `fa_auth_rule` WHERE  `name` = 'tsinghua_config/edit' LIMIT 1 [ RunTime:0.001000s ]
[ 2020-01-04T20:53:08+08:00 ][ sql ] [ SQL ] SELECT `id` FROM `fa_auth_rule` WHERE  `name` = 'tsinghua_config/del' LIMIT 1 [ RunTime:0.001000s ]
[ 2020-01-04T20:53:08+08:00 ][ sql ] [ SQL ] SELECT `id` FROM `fa_auth_rule` WHERE  `name` = 'tsinghua_config/multi' LIMIT 1 [ RunTime:0.001000s ]
[ 2020-01-04T20:53:08+08:00 ][ sql ] [ SQL ] UPDATE `fa_auth_rule`  SET `pid`=147,`name`='tsinghua_config/index',`icon`='fa fa-circle-o',`title`='查看',`ismenu`=0,`status`='normal',`updatetime`=1578142388  WHERE  `id` = 148 [ RunTime:0.001000s ]
[ 2020-01-04T20:53:08+08:00 ][ sql ] [ SQL ] UPDATE `fa_auth_rule`  SET `pid`=147,`name`='tsinghua_config/add',`icon`='fa fa-circle-o',`title`='添加',`ismenu`=0,`status`='normal',`updatetime`=1578142388  WHERE  `id` = 149 [ RunTime:0.001000s ]
[ 2020-01-04T20:53:08+08:00 ][ sql ] [ SQL ] UPDATE `fa_auth_rule`  SET `pid`=147,`name`='tsinghua_config/edit',`icon`='fa fa-circle-o',`title`='编辑',`ismenu`=0,`status`='normal',`updatetime`=1578142388  WHERE  `id` = 150 [ RunTime:0.001000s ]
[ 2020-01-04T20:53:08+08:00 ][ sql ] [ SQL ] UPDATE `fa_auth_rule`  SET `pid`=147,`name`='tsinghua_config/del',`icon`='fa fa-circle-o',`title`='删除',`ismenu`=0,`status`='normal',`updatetime`=1578142388  WHERE  `id` = 151 [ RunTime:0.001000s ]
[ 2020-01-04T20:53:08+08:00 ][ sql ] [ SQL ] UPDATE `fa_auth_rule`  SET `pid`=147,`name`='tsinghua_config/multi',`icon`='fa fa-circle-o',`title`='批量更新',`ismenu`=0,`status`='normal',`updatetime`=1578142388  WHERE  `id` = 152 [ RunTime:0.001000s ]
